\BOOKMARK [0][-]{chapter.1}{Getting Started}{}
\BOOKMARK [1][-]{section.1.1}{Installing the application}{chapter.1}
\BOOKMARK [1][-]{section.1.2}{Server installation}{chapter.1}
\BOOKMARK [1][-]{section.1.3}{Contributing Changes}{chapter.1}
\BOOKMARK [1][-]{section.1.4}{License}{chapter.1}
\BOOKMARK [1][-]{section.1.5}{Credits}{chapter.1}
\BOOKMARK [0][-]{chapter.2}{Tutorial}{}
\BOOKMARK [1][-]{section.2.1}{Simple films}{chapter.2}
\BOOKMARK [1][-]{section.2.2}{Tethered Polymer}{chapter.2}
\BOOKMARK [1][-]{section.2.3}{Composite sample}{chapter.2}
\BOOKMARK [1][-]{section.2.4}{Superlattice Models}{chapter.2}
\BOOKMARK [1][-]{section.2.5}{MLayer Models}{chapter.2}
\BOOKMARK [0][-]{chapter.3}{User's Guide}{}
\BOOKMARK [1][-]{section.3.1}{Using Refl1D}{chapter.3}
\BOOKMARK [1][-]{section.3.2}{Parameters}{chapter.3}
\BOOKMARK [1][-]{section.3.3}{Data Representation}{chapter.3}
\BOOKMARK [1][-]{section.3.4}{Materials}{chapter.3}
\BOOKMARK [1][-]{section.3.5}{Sample Representation}{chapter.3}
\BOOKMARK [1][-]{section.3.6}{Experiment}{chapter.3}
\BOOKMARK [1][-]{section.3.7}{Fitting}{chapter.3}
\BOOKMARK [0][-]{chapter.4}{Reference}{}
\BOOKMARK [1][-]{section.4.1}{refl1d.abeles - Pure python reflectivity calculator}{chapter.4}
\BOOKMARK [1][-]{section.4.2}{refl1d.bspline - B-Spline interpolation library}{chapter.4}
\BOOKMARK [1][-]{section.4.3}{refl1d.cheby - Freeform - Chebyshev}{chapter.4}
\BOOKMARK [1][-]{section.4.4}{refl1d.cli - Command line interface}{chapter.4}
\BOOKMARK [1][-]{section.4.5}{refl1d.dist - Non-uniform samples}{chapter.4}
\BOOKMARK [1][-]{section.4.6}{refl1d.errors - Plot sample profile uncertainty}{chapter.4}
\BOOKMARK [1][-]{section.4.7}{refl1d.experiment - Reflectivity fitness function}{chapter.4}
\BOOKMARK [1][-]{section.4.8}{refl1d.fitproblem - Interface between models and fitters}{chapter.4}
\BOOKMARK [1][-]{section.4.9}{refl1d.fitservice - Remote job plugin for fit jobs}{chapter.4}
\BOOKMARK [1][-]{section.4.10}{refl1d.fitters - Wrappers for various optimization algorithms}{chapter.4}
\BOOKMARK [1][-]{section.4.11}{refl1d.freeform - Freeform - Parametric B-Spline}{chapter.4}
\BOOKMARK [1][-]{section.4.12}{refl1d.fresnel - Pure python Fresnel reflectivity calculator}{chapter.4}
\BOOKMARK [1][-]{section.4.13}{refl1d.garefl - Adaptor for garefl models}{chapter.4}
\BOOKMARK [1][-]{section.4.14}{refl1d.initpop - Population initialization strategies}{chapter.4}
\BOOKMARK [1][-]{section.4.15}{refl1d.instrument - Reflectivity instrument definition}{chapter.4}
\BOOKMARK [1][-]{section.4.16}{refl1d.magnetic - Magnetic Models}{chapter.4}
\BOOKMARK [1][-]{section.4.17}{refl1d.mapper - Parallel processing implementations}{chapter.4}
\BOOKMARK [1][-]{section.4.18}{refl1d.material - Material}{chapter.4}
\BOOKMARK [1][-]{section.4.19}{refl1d.materialdb - Materials Database}{chapter.4}
\BOOKMARK [1][-]{section.4.20}{refl1d.model - Reflectivity Models}{chapter.4}
\BOOKMARK [1][-]{section.4.21}{refl1d.mono - Freeform - Monotonic Spline}{chapter.4}
\BOOKMARK [1][-]{section.4.22}{refl1d.ncnrdata - NCNR Data}{chapter.4}
\BOOKMARK [1][-]{section.4.23}{refl1d.numpyerrors - Decorator for function level error behaviour}{chapter.4}
\BOOKMARK [1][-]{section.4.24}{refl1d.partemp - Parallel tempering optimizer}{chapter.4}
\BOOKMARK [1][-]{section.4.25}{refl1d.polymer - Polymer models}{chapter.4}
\BOOKMARK [1][-]{section.4.26}{refl1d.probe - Instrument probe}{chapter.4}
\BOOKMARK [1][-]{section.4.27}{refl1d.profile - Model profile}{chapter.4}
\BOOKMARK [1][-]{section.4.28}{refl1d.pytwalk - MCMC error analysis using T-Walk steps}{chapter.4}
\BOOKMARK [1][-]{section.4.29}{refl1d.quasinewton - BFGS quasi-newton optimizer}{chapter.4}
\BOOKMARK [1][-]{section.4.30}{refl1d.random\137lines - random lines and particle swarm optimizers}{chapter.4}
\BOOKMARK [1][-]{section.4.31}{refl1d.rebin - 1D and 2D rebinning}{chapter.4}
\BOOKMARK [1][-]{section.4.32}{refl1d.reflectivity - Reflectivity}{chapter.4}
\BOOKMARK [1][-]{section.4.33}{refl1d.reflmodule - Low level reflectivity calculations}{chapter.4}
\BOOKMARK [1][-]{section.4.34}{refl1d.resolution - Resolution}{chapter.4}
\BOOKMARK [1][-]{section.4.35}{refl1d.simplex - Nelder-Mead simplex optimizer \(amoeba\)}{chapter.4}
\BOOKMARK [1][-]{section.4.36}{refl1d.snsdata - SNS Data}{chapter.4}
\BOOKMARK [1][-]{section.4.37}{refl1d.staj - Staj File}{chapter.4}
\BOOKMARK [1][-]{section.4.38}{refl1d.stajconvert - Staj File Converter}{chapter.4}
\BOOKMARK [1][-]{section.4.39}{refl1d.stitch - Overlapping reflectivity curve stitching}{chapter.4}
\BOOKMARK [1][-]{section.4.40}{refl1d.support - Environment support}{chapter.4}
\BOOKMARK [1][-]{section.4.41}{refl1d.util - Miscellaneous functions}{chapter.4}
\BOOKMARK [1][-]{section.4.42}{refl1d.wsolve - Weighted linear and polynomial solver with uncertainty}{chapter.4}
\BOOKMARK [1][-]{section.4.43}{refl1d.mystic.parameter - Parameters}{chapter.4}
\BOOKMARK [1][-]{section.4.44}{refl1d.mystic.bounds - Bounds}{chapter.4}
\BOOKMARK [1][-]{section.4.45}{refl1d.mystic.formatnum - Format numbers}{chapter.4}
\BOOKMARK [0][-]{section*.1156}{Python Module Index}{}
\BOOKMARK [0][-]{section*.1157}{Index}{}
